# JRE version: Java(TM) SE Runtime Environment (7.0_80-b15) (build 1.7.0_80-b15)
# Java VM: Java HotSpot(TM) 64-Bit Server VM (24.80-b11 mixed mode windows-amd64 compressed oops)
Heap
 PSYoungGen      total 104448K, used 70025K [0x00000007d5e80000, 0x00000007ef800000, 0x0000000800000000)
  eden space 103424K, 66% used [0x00000007d5e80000,0x00000007da215c18,0x00000007dc380000)
  from space 1024K, 79% used [0x00000007ef700000,0x00000007ef7cca60,0x00000007ef800000)
  to   space 2560K, 0% used [0x00000007ef300000,0x00000007ef300000,0x00000007ef580000)
 ParOldGen       total 86016K, used 52010K [0x0000000781c00000, 0x0000000787000000, 0x00000007d5e80000)
  object space 86016K, 60% used [0x0000000781c00000,0x0000000784eca848,0x0000000787000000)
 PSPermGen       total 62976K, used 62575K [0x000000077ca00000, 0x0000000780780000, 0x0000000781c00000)
  object space 62976K, 99% used [0x000000077ca00000,0x000000078071bd70,0x0000000780780000)
GC Heap History (10 events):
Event: 10446.743 GC heap before
{Heap before GC invocations=50 (full 0):
 PSYoungGen      total 124928K, used 124896K [0x00000007d5e80000, 0x00000007eff00000, 0x0000000800000000)
  eden space 124416K, 100% used [0x00000007d5e80000,0x00000007dd800000,0x00000007dd800000)
  from space 512K, 93% used [0x00000007ef880000,0x00000007ef8f8000,0x00000007ef900000)
  to   space 3584K, 0% used [0x00000007efb80000,0x00000007efb80000,0x00000007eff00000)
 ParOldGen       total 86016K, used 51528K [0x0000000781c00000, 0x0000000787000000, 0x00000007d5e80000)
  object space 86016K, 59% used [0x0000000781c00000,0x0000000784e52030,0x0000000787000000)
 PSPermGen       total 62464K, used 62251K [0x000000077ca00000, 0x0000000780700000, 0x0000000781c00000)
  object space 62464K, 99% used [0x000000077ca00000,0x00000007806cac10,0x0000000780700000)
Event: 10446.746 GC heap after
Heap after GC invocations=50 (full 0):
 PSYoungGen      total 120832K, used 704K [0x00000007d5e80000, 0x00000007efc80000, 0x0000000800000000)
  eden space 119808K, 0% used [0x00000007d5e80000,0x00000007d5e80000,0x00000007dd380000)
  from space 1024K, 68% used [0x00000007efb80000,0x00000007efc30000,0x00000007efc80000)
  to   space 3072K, 0% used [0x00000007ef680000,0x00000007ef680000,0x00000007ef980000)
 ParOldGen       total 86016K, used 51528K [0x0000000781c00000, 0x0000000787000000, 0x00000007d5e80000)
  object space 86016K, 59% used [0x0000000781c00000,0x0000000784e52030,0x0000000787000000)
 PSPermGen       total 62464K, used 62251K [0x000000077ca00000, 0x0000000780700000, 0x0000000781c00000)
  object space 62464K, 99% used [0x000000077ca00000,0x00000007806cac10,0x0000000780700000)
}
Event: 10548.307 GC heap before
{Heap before GC invocations=51 (full 0):
 PSYoungGen      total 120832K, used 120512K [0x00000007d5e80000, 0x00000007efc80000, 0x0000000800000000)
  eden space 119808K, 100% used [0x00000007d5e80000,0x00000007dd380000,0x00000007dd380000)
  from space 1024K, 68% used [0x00000007efb80000,0x00000007efc30000,0x00000007efc80000)
  to   space 3072K, 0% used [0x00000007ef680000,0x00000007ef680000,0x00000007ef980000)
 ParOldGen       total 86016K, used 51528K [0x0000000781c00000, 0x0000000787000000, 0x00000007d5e80000)
  object space 86016K, 59% used [0x0000000781c00000,0x0000000784e52030,0x0000000787000000)
 PSPermGen       total 62464K, used 62257K [0x000000077ca00000, 0x0000000780700000, 0x0000000781c00000)
  object space 62464K, 99% used [0x000000077ca00000,0x00000007806cc568,0x0000000780700000)
Event: 10548.310 GC heap after
Heap after GC invocations=51 (full 0):
 PSYoungGen      total 115712K, used 480K [0x00000007d5e80000, 0x00000007efc00000, 0x0000000800000000)
  eden space 115200K, 0% used [0x00000007d5e80000,0x00000007d5e80000,0x00000007dcf00000)
  from space 512K, 93% used [0x00000007ef680000,0x00000007ef6f8000,0x00000007ef700000)
  to   space 3072K, 0% used [0x00000007ef900000,0x00000007ef900000,0x00000007efc00000)
 ParOldGen       total 86016K, used 51528K [0x0000000781c00000, 0x0000000787000000, 0x00000007d5e80000)
  object space 86016K, 59% used [0x0000000781c00000,0x0000000784e52030,0x0000000787000000)
 PSPermGen       total 62464K, used 62257K [0x000000077ca00000, 0x0000000780700000, 0x0000000781c00000)
  object space 62464K, 99% used [0x000000077ca00000,0x00000007806cc568,0x0000000780700000)
}
Event: 10607.410 GC heap before
{Heap before GC invocations=52 (full 0):
 PSYoungGen      total 115712K, used 115680K [0x00000007d5e80000, 0x00000007efc00000, 0x0000000800000000)
  eden space 115200K, 100% used [0x00000007d5e80000,0x00000007dcf00000,0x00000007dcf00000)
  from space 512K, 93% used [0x00000007ef680000,0x00000007ef6f8000,0x00000007ef700000)
  to   space 3072K, 0% used [0x00000007ef900000,0x00000007ef900000,0x00000007efc00000)
 ParOldGen       total 86016K, used 51528K [0x0000000781c00000, 0x0000000787000000, 0x00000007d5e80000)
  object space 86016K, 59% used [0x0000000781c00000,0x0000000784e52030,0x0000000787000000)
 PSPermGen       total 62464K, used 62449K [0x000000077ca00000, 0x0000000780700000, 0x0000000781c00000)
  object space 62464K, 99% used [0x000000077ca00000,0x00000007806fc758,0x0000000780700000)
Event: 10607.419 GC heap after
Heap after GC invocations=52 (full 0):
 PSYoungGen      total 112128K, used 673K [0x00000007d5e80000, 0x00000007efa00000, 0x0000000800000000)
  eden space 111104K, 0% used [0x00000007d5e80000,0x00000007d5e80000,0x00000007dcb00000)
  from space 1024K, 65% used [0x00000007ef900000,0x00000007ef9a8700,0x00000007efa00000)
  to   space 3072K, 0% used [0x00000007ef400000,0x00000007ef400000,0x00000007ef700000)
 ParOldGen       total 86016K, used 51760K [0x0000000781c00000, 0x0000000787000000, 0x00000007d5e80000)
  object space 86016K, 60% used [0x0000000781c00000,0x0000000784e8c030,0x0000000787000000)
 PSPermGen       total 62464K, used 62449K [0x000000077ca00000, 0x0000000780700000, 0x0000000781c00000)
  object space 62464K, 99% used [0x000000077ca00000,0x00000007806fc758,0x0000000780700000)
}
Event: 10704.220 GC heap before
{Heap before GC invocations=53 (full 0):
 PSYoungGen      total 112128K, used 111777K [0x00000007d5e80000, 0x00000007efa00000, 0x0000000800000000)
  eden space 111104K, 100% used [0x00000007d5e80000,0x00000007dcb00000,0x00000007dcb00000)
  from space 1024K, 65% used [0x00000007ef900000,0x00000007ef9a8700,0x00000007efa00000)
  to   space 3072K, 0% used [0x00000007ef400000,0x00000007ef400000,0x00000007ef700000)
 ParOldGen       total 86016K, used 51760K [0x0000000781c00000, 0x0000000787000000, 0x00000007d5e80000)
  object space 86016K, 60% used [0x0000000781c00000,0x0000000784e8c030,0x0000000787000000)
 PSPermGen       total 62464K, used 62449K [0x000000077ca00000, 0x0000000780700000, 0x0000000781c00000)
  object space 62464K, 99% used [0x000000077ca00000,0x00000007806fc758,0x0000000780700000)
Event: 10704.225 GC heap after
Heap after GC invocations=53 (full 0):
 PSYoungGen      total 110080K, used 128K [0x00000007d5e80000, 0x00000007ef980000, 0x0000000800000000)
  eden space 107008K, 0% used [0x00000007d5e80000,0x00000007d5e80000,0x00000007dc700000)
  from space 3072K, 4% used [0x00000007ef400000,0x00000007ef420000,0x00000007ef700000)
  to   space 2560K, 0% used [0x00000007ef700000,0x00000007ef700000,0x00000007ef980000)
 ParOldGen       total 86016K, used 51986K [0x0000000781c00000, 0x0000000787000000, 0x00000007d5e80000)
  object space 86016K, 60% used [0x0000000781c00000,0x0000000784ec4848,0x0000000787000000)
 PSPermGen       total 62464K, used 62449K [0x000000077ca00000, 0x0000000780700000, 0x0000000781c00000)
  object space 62464K, 99% used [0x000000077ca00000,0x00000007806fc758,0x0000000780700000)
}
Event: 10747.266 GC heap before
{Heap before GC invocations=54 (full 0):
 PSYoungGen      total 110080K, used 107136K [0x00000007d5e80000, 0x00000007ef980000, 0x0000000800000000)
  eden space 107008K, 100% used [0x00000007d5e80000,0x00000007dc700000,0x00000007dc700000)
  from space 3072K, 4% used [0x00000007ef400000,0x00000007ef420000,0x00000007ef700000)
  to   space 2560K, 0% used [0x00000007ef700000,0x00000007ef700000,0x00000007ef980000)
 ParOldGen       total 86016K, used 51986K [0x0000000781c00000, 0x0000000787000000, 0x00000007d5e80000)
  object space 86016K, 60% used [0x0000000781c00000,0x0000000784ec4848,0x0000000787000000)
 PSPermGen       total 62976K, used 62560K [0x000000077ca00000, 0x0000000780780000, 0x0000000781c00000)
  object space 62976K, 99% used [0x000000077ca00000,0x0000000780718268,0x0000000780780000)
Event: 10747.272 GC heap after
Heap after GC invocations=54 (full 0):
 PSYoungGen      total 104448K, used 818K [0x00000007d5e80000, 0x00000007ef800000, 0x0000000800000000)
  eden space 103424K, 0% used [0x00000007d5e80000,0x00000007d5e80000,0x00000007dc380000)
  from space 1024K, 79% used [0x00000007ef700000,0x00000007ef7cca60,0x00000007ef800000)
  to   space 2560K, 0% used [0x00000007ef300000,0x00000007ef300000,0x00000007ef580000)
 ParOldGen       total 86016K, used 52010K [0x0000000781c00000, 0x0000000787000000, 0x00000007d5e80000)
  object space 86016K, 60% used [0x0000000781c00000,0x0000000784eca848,0x0000000787000000)
 PSPermGen       total 62976K, used 62560K [0x000000077ca00000, 0x0000000780780000, 0x0000000781c00000)
  object space 62976K, 99% used [0x000000077ca00000,0x0000000780718268,0x0000000780780000)
}

